[2022-07-29 14:08:45,898] {taskinstance.py:1179} INFO - Dependencies all met for <TaskInstance: tutorial.sleep scheduled__2022-07-28T14:08:37.348172+00:00 [queued]>
[2022-07-29 14:08:45,906] {taskinstance.py:1179} INFO - Dependencies all met for <TaskInstance: tutorial.sleep scheduled__2022-07-28T14:08:37.348172+00:00 [queued]>
[2022-07-29 14:08:45,906] {taskinstance.py:1376} INFO - 
--------------------------------------------------------------------------------
[2022-07-29 14:08:45,906] {taskinstance.py:1377} INFO - Starting attempt 1 of 4
[2022-07-29 14:08:45,906] {taskinstance.py:1378} INFO - 
--------------------------------------------------------------------------------
[2022-07-29 14:08:45,915] {taskinstance.py:1397} INFO - Executing <Task(BashOperator): sleep> on 2022-07-28 14:08:37.348172+00:00
[2022-07-29 14:08:45,919] {standard_task_runner.py:52} INFO - Started process 214 to run task
[2022-07-29 14:08:45,921] {standard_task_runner.py:79} INFO - Running: ['***', 'tasks', 'run', 'tutorial', 'sleep', 'scheduled__2022-07-28T14:08:37.348172+00:00', '--job-id', '5', '--raw', '--subdir', 'DAGS_FOLDER/example_dags.py', '--cfg-path', '/tmp/tmpqri8ux4w', '--error-file', '/tmp/tmpa02nqqpw']
[2022-07-29 14:08:45,921] {standard_task_runner.py:80} INFO - Job 5: Subtask sleep
[2022-07-29 14:08:45,961] {task_command.py:371} INFO - Running <TaskInstance: tutorial.sleep scheduled__2022-07-28T14:08:37.348172+00:00 [running]> on host c7a50e68a68b
[2022-07-29 14:08:46,031] {taskinstance.py:1591} INFO - Exporting the following env vars:
AIRFLOW_CTX_DAG_EMAIL=***@example.com
AIRFLOW_CTX_DAG_OWNER=***
AIRFLOW_CTX_DAG_ID=tutorial
AIRFLOW_CTX_TASK_ID=sleep
AIRFLOW_CTX_EXECUTION_DATE=2022-07-28T14:08:37.348172+00:00
AIRFLOW_CTX_TRY_NUMBER=1
AIRFLOW_CTX_DAG_RUN_ID=scheduled__2022-07-28T14:08:37.348172+00:00
[2022-07-29 14:08:46,032] {subprocess.py:62} INFO - Tmp dir root location: 
 /tmp
[2022-07-29 14:08:46,032] {subprocess.py:74} INFO - Running command: ['bash', '-c', 'sleep 5']
[2022-07-29 14:08:46,041] {subprocess.py:85} INFO - Output:
[2022-07-29 14:08:51,043] {subprocess.py:96} INFO - Command exited with return code 0
[2022-07-29 14:08:51,084] {taskinstance.py:1420} INFO - Marking task as SUCCESS. dag_id=tutorial, task_id=sleep, execution_date=20220728T140837, start_date=20220729T140845, end_date=20220729T140851
[2022-07-29 14:08:51,109] {local_task_job.py:156} INFO - Task exited with return code 0
[2022-07-29 14:08:51,126] {local_task_job.py:273} INFO - 0 downstream tasks scheduled from follow-on schedule check
