[2022-07-29 14:08:45,875] {taskinstance.py:1179} INFO - Dependencies all met for <TaskInstance: tutorial.templated scheduled__2022-07-28T14:08:37.348172+00:00 [queued]>
[2022-07-29 14:08:45,883] {taskinstance.py:1179} INFO - Dependencies all met for <TaskInstance: tutorial.templated scheduled__2022-07-28T14:08:37.348172+00:00 [queued]>
[2022-07-29 14:08:45,883] {taskinstance.py:1376} INFO - 
--------------------------------------------------------------------------------
[2022-07-29 14:08:45,883] {taskinstance.py:1377} INFO - Starting attempt 1 of 2
[2022-07-29 14:08:45,883] {taskinstance.py:1378} INFO - 
--------------------------------------------------------------------------------
[2022-07-29 14:08:45,892] {taskinstance.py:1397} INFO - Executing <Task(BashOperator): templated> on 2022-07-28 14:08:37.348172+00:00
[2022-07-29 14:08:45,896] {standard_task_runner.py:52} INFO - Started process 213 to run task
[2022-07-29 14:08:45,898] {standard_task_runner.py:79} INFO - Running: ['***', 'tasks', 'run', 'tutorial', 'templated', 'scheduled__2022-07-28T14:08:37.348172+00:00', '--job-id', '4', '--raw', '--subdir', 'DAGS_FOLDER/example_dags.py', '--cfg-path', '/tmp/tmprf_as_5a', '--error-file', '/tmp/tmpga1oupq4']
[2022-07-29 14:08:45,899] {standard_task_runner.py:80} INFO - Job 4: Subtask templated
[2022-07-29 14:08:45,938] {task_command.py:371} INFO - Running <TaskInstance: tutorial.templated scheduled__2022-07-28T14:08:37.348172+00:00 [running]> on host c7a50e68a68b
[2022-07-29 14:08:46,001] {taskinstance.py:1591} INFO - Exporting the following env vars:
AIRFLOW_CTX_DAG_EMAIL=***@example.com
AIRFLOW_CTX_DAG_OWNER=***
AIRFLOW_CTX_DAG_ID=tutorial
AIRFLOW_CTX_TASK_ID=templated
AIRFLOW_CTX_EXECUTION_DATE=2022-07-28T14:08:37.348172+00:00
AIRFLOW_CTX_TRY_NUMBER=1
AIRFLOW_CTX_DAG_RUN_ID=scheduled__2022-07-28T14:08:37.348172+00:00
[2022-07-29 14:08:46,001] {subprocess.py:62} INFO - Tmp dir root location: 
 /tmp
[2022-07-29 14:08:46,002] {subprocess.py:74} INFO - Running command: ['bash', '-c', '\n\n    echo "2022-07-28"\n    echo "2022-08-04"\n\n    echo "2022-07-28"\n    echo "2022-08-04"\n\n    echo "2022-07-28"\n    echo "2022-08-04"\n\n    echo "2022-07-28"\n    echo "2022-08-04"\n\n    echo "2022-07-28"\n    echo "2022-08-04"\n']
[2022-07-29 14:08:46,011] {subprocess.py:85} INFO - Output:
[2022-07-29 14:08:46,012] {subprocess.py:92} INFO - 2022-07-28
[2022-07-29 14:08:46,012] {subprocess.py:92} INFO - 2022-08-04
[2022-07-29 14:08:46,012] {subprocess.py:92} INFO - 2022-07-28
[2022-07-29 14:08:46,013] {subprocess.py:92} INFO - 2022-08-04
[2022-07-29 14:08:46,013] {subprocess.py:92} INFO - 2022-07-28
[2022-07-29 14:08:46,013] {subprocess.py:92} INFO - 2022-08-04
[2022-07-29 14:08:46,013] {subprocess.py:92} INFO - 2022-07-28
[2022-07-29 14:08:46,013] {subprocess.py:92} INFO - 2022-08-04
[2022-07-29 14:08:46,013] {subprocess.py:92} INFO - 2022-07-28
[2022-07-29 14:08:46,013] {subprocess.py:92} INFO - 2022-08-04
[2022-07-29 14:08:46,013] {subprocess.py:96} INFO - Command exited with return code 0
[2022-07-29 14:08:46,036] {taskinstance.py:1420} INFO - Marking task as SUCCESS. dag_id=tutorial, task_id=templated, execution_date=20220728T140837, start_date=20220729T140845, end_date=20220729T140846
[2022-07-29 14:08:46,070] {local_task_job.py:156} INFO - Task exited with return code 0
[2022-07-29 14:08:46,099] {local_task_job.py:273} INFO - 0 downstream tasks scheduled from follow-on schedule check
