[2022-07-29 13:48:21,396] {processor.py:153} INFO - Started process (PID=37) to work on /opt/airflow/dags/example_dags.py
[2022-07-29 13:48:21,396] {processor.py:641} INFO - Processing file /opt/airflow/dags/example_dags.py for tasks to queue
[2022-07-29 13:48:21,397] {logging_mixin.py:115} INFO - [2022-07-29 13:48:21,397] {dagbag.py:508} INFO - Filling up the DagBag from /opt/airflow/dags/example_dags.py
[2022-07-29 13:48:21,403] {processor.py:651} INFO - DAG(s) dict_keys(['tutorial']) retrieved from /opt/airflow/dags/example_dags.py
[2022-07-29 13:48:21,614] {logging_mixin.py:115} INFO - [2022-07-29 13:48:21,614] {dag.py:2420} INFO - Sync 1 DAGs
[2022-07-29 13:48:21,642] {logging_mixin.py:115} INFO - [2022-07-29 13:48:21,641] {dag.py:2972} INFO - Setting next_dagrun for tutorial to 2022-07-28T13:48:21.641643+00:00, run_after=2022-07-29T13:48:21.641643+00:00
[2022-07-29 13:48:21,656] {processor.py:161} INFO - Processing /opt/airflow/dags/example_dags.py took 0.263 seconds
[2022-07-29 13:48:51,892] {processor.py:153} INFO - Started process (PID=98) to work on /opt/airflow/dags/example_dags.py
[2022-07-29 13:48:51,893] {processor.py:641} INFO - Processing file /opt/airflow/dags/example_dags.py for tasks to queue
[2022-07-29 13:48:51,893] {logging_mixin.py:115} INFO - [2022-07-29 13:48:51,893] {dagbag.py:508} INFO - Filling up the DagBag from /opt/airflow/dags/example_dags.py
[2022-07-29 13:48:51,896] {processor.py:651} INFO - DAG(s) dict_keys(['tutorial']) retrieved from /opt/airflow/dags/example_dags.py
[2022-07-29 13:48:51,912] {logging_mixin.py:115} INFO - [2022-07-29 13:48:51,912] {dag.py:2420} INFO - Sync 1 DAGs
[2022-07-29 13:48:52,010] {logging_mixin.py:115} INFO - [2022-07-29 13:48:52,010] {dag.py:2972} INFO - Setting next_dagrun for tutorial to 2022-07-28T13:48:52.010410+00:00, run_after=2022-07-29T13:48:52.010410+00:00
[2022-07-29 13:48:52,027] {processor.py:161} INFO - Processing /opt/airflow/dags/example_dags.py took 0.136 seconds
[2022-07-29 13:49:22,208] {processor.py:153} INFO - Started process (PID=158) to work on /opt/airflow/dags/example_dags.py
[2022-07-29 13:49:22,219] {processor.py:641} INFO - Processing file /opt/airflow/dags/example_dags.py for tasks to queue
[2022-07-29 13:49:22,219] {logging_mixin.py:115} INFO - [2022-07-29 13:49:22,219] {dagbag.py:508} INFO - Filling up the DagBag from /opt/airflow/dags/example_dags.py
[2022-07-29 13:49:22,223] {processor.py:651} INFO - DAG(s) dict_keys(['tutorial']) retrieved from /opt/airflow/dags/example_dags.py
[2022-07-29 13:49:22,232] {logging_mixin.py:115} INFO - [2022-07-29 13:49:22,232] {dag.py:2420} INFO - Sync 1 DAGs
[2022-07-29 13:49:22,251] {logging_mixin.py:115} INFO - [2022-07-29 13:49:22,251] {dag.py:2972} INFO - Setting next_dagrun for tutorial to 2022-07-28T13:49:22.251170+00:00, run_after=2022-07-29T13:49:22.251170+00:00
[2022-07-29 13:49:22,354] {processor.py:161} INFO - Processing /opt/airflow/dags/example_dags.py took 0.147 seconds
[2022-07-29 13:49:53,187] {processor.py:153} INFO - Started process (PID=215) to work on /opt/airflow/dags/example_dags.py
[2022-07-29 13:49:53,187] {processor.py:641} INFO - Processing file /opt/airflow/dags/example_dags.py for tasks to queue
[2022-07-29 13:49:53,187] {logging_mixin.py:115} INFO - [2022-07-29 13:49:53,187] {dagbag.py:508} INFO - Filling up the DagBag from /opt/airflow/dags/example_dags.py
[2022-07-29 13:49:53,191] {processor.py:651} INFO - DAG(s) dict_keys(['tutorial']) retrieved from /opt/airflow/dags/example_dags.py
[2022-07-29 13:49:53,314] {logging_mixin.py:115} INFO - [2022-07-29 13:49:53,314] {dag.py:2420} INFO - Sync 1 DAGs
[2022-07-29 13:49:53,325] {logging_mixin.py:115} INFO - [2022-07-29 13:49:53,325] {dag.py:2972} INFO - Setting next_dagrun for tutorial to 2022-07-28T13:49:53.325505+00:00, run_after=2022-07-29T13:49:53.325505+00:00
[2022-07-29 13:49:53,334] {processor.py:161} INFO - Processing /opt/airflow/dags/example_dags.py took 0.149 seconds
[2022-07-29 13:50:24,174] {processor.py:153} INFO - Started process (PID=278) to work on /opt/airflow/dags/example_dags.py
[2022-07-29 13:50:24,174] {processor.py:641} INFO - Processing file /opt/airflow/dags/example_dags.py for tasks to queue
[2022-07-29 13:50:24,175] {logging_mixin.py:115} INFO - [2022-07-29 13:50:24,175] {dagbag.py:508} INFO - Filling up the DagBag from /opt/airflow/dags/example_dags.py
[2022-07-29 13:50:24,179] {processor.py:651} INFO - DAG(s) dict_keys(['tutorial']) retrieved from /opt/airflow/dags/example_dags.py
[2022-07-29 13:50:24,201] {logging_mixin.py:115} INFO - [2022-07-29 13:50:24,201] {dag.py:2420} INFO - Sync 1 DAGs
[2022-07-29 13:50:24,322] {logging_mixin.py:115} INFO - [2022-07-29 13:50:24,322] {dag.py:2972} INFO - Setting next_dagrun for tutorial to 2022-07-28T13:50:24.322622+00:00, run_after=2022-07-29T13:50:24.322622+00:00
[2022-07-29 13:50:24,332] {processor.py:161} INFO - Processing /opt/airflow/dags/example_dags.py took 0.160 seconds
[2022-07-29 13:50:54,816] {processor.py:153} INFO - Started process (PID=340) to work on /opt/airflow/dags/example_dags.py
[2022-07-29 13:50:54,817] {processor.py:641} INFO - Processing file /opt/airflow/dags/example_dags.py for tasks to queue
[2022-07-29 13:50:54,817] {logging_mixin.py:115} INFO - [2022-07-29 13:50:54,817] {dagbag.py:508} INFO - Filling up the DagBag from /opt/airflow/dags/example_dags.py
[2022-07-29 13:50:54,821] {processor.py:651} INFO - DAG(s) dict_keys(['tutorial']) retrieved from /opt/airflow/dags/example_dags.py
[2022-07-29 13:50:54,969] {logging_mixin.py:115} INFO - [2022-07-29 13:50:54,969] {dag.py:2420} INFO - Sync 1 DAGs
[2022-07-29 13:50:54,986] {logging_mixin.py:115} INFO - [2022-07-29 13:50:54,985] {dag.py:2972} INFO - Setting next_dagrun for tutorial to 2022-07-28T13:50:54.985763+00:00, run_after=2022-07-29T13:50:54.985763+00:00
[2022-07-29 13:50:54,997] {processor.py:161} INFO - Processing /opt/airflow/dags/example_dags.py took 0.183 seconds
[2022-07-29 13:51:25,512] {processor.py:153} INFO - Started process (PID=402) to work on /opt/airflow/dags/example_dags.py
[2022-07-29 13:51:25,523] {processor.py:641} INFO - Processing file /opt/airflow/dags/example_dags.py for tasks to queue
[2022-07-29 13:51:25,523] {logging_mixin.py:115} INFO - [2022-07-29 13:51:25,523] {dagbag.py:508} INFO - Filling up the DagBag from /opt/airflow/dags/example_dags.py
[2022-07-29 13:51:25,528] {processor.py:651} INFO - DAG(s) dict_keys(['tutorial']) retrieved from /opt/airflow/dags/example_dags.py
[2022-07-29 13:51:25,548] {logging_mixin.py:115} INFO - [2022-07-29 13:51:25,548] {dag.py:2420} INFO - Sync 1 DAGs
[2022-07-29 13:51:25,668] {logging_mixin.py:115} INFO - [2022-07-29 13:51:25,668] {dag.py:2972} INFO - Setting next_dagrun for tutorial to 2022-07-28T13:51:25.668581+00:00, run_after=2022-07-29T13:51:25.668581+00:00
[2022-07-29 13:51:25,689] {processor.py:161} INFO - Processing /opt/airflow/dags/example_dags.py took 0.179 seconds
[2022-07-29 13:51:56,204] {processor.py:153} INFO - Started process (PID=455) to work on /opt/airflow/dags/example_dags.py
[2022-07-29 13:51:56,214] {processor.py:641} INFO - Processing file /opt/airflow/dags/example_dags.py for tasks to queue
[2022-07-29 13:51:56,215] {logging_mixin.py:115} INFO - [2022-07-29 13:51:56,215] {dagbag.py:508} INFO - Filling up the DagBag from /opt/airflow/dags/example_dags.py
[2022-07-29 13:51:56,219] {processor.py:651} INFO - DAG(s) dict_keys(['tutorial']) retrieved from /opt/airflow/dags/example_dags.py
[2022-07-29 13:51:56,388] {logging_mixin.py:115} INFO - [2022-07-29 13:51:56,388] {dag.py:2420} INFO - Sync 1 DAGs
[2022-07-29 13:51:56,405] {logging_mixin.py:115} INFO - [2022-07-29 13:51:56,405] {dag.py:2972} INFO - Setting next_dagrun for tutorial to 2022-07-28T13:51:56.405643+00:00, run_after=2022-07-29T13:51:56.405643+00:00
[2022-07-29 13:51:56,419] {processor.py:161} INFO - Processing /opt/airflow/dags/example_dags.py took 0.218 seconds
[2022-07-29 13:52:27,077] {processor.py:153} INFO - Started process (PID=517) to work on /opt/airflow/dags/example_dags.py
[2022-07-29 13:52:27,077] {processor.py:641} INFO - Processing file /opt/airflow/dags/example_dags.py for tasks to queue
[2022-07-29 13:52:27,078] {logging_mixin.py:115} INFO - [2022-07-29 13:52:27,078] {dagbag.py:508} INFO - Filling up the DagBag from /opt/airflow/dags/example_dags.py
[2022-07-29 13:52:27,083] {processor.py:651} INFO - DAG(s) dict_keys(['tutorial']) retrieved from /opt/airflow/dags/example_dags.py
[2022-07-29 13:52:27,105] {logging_mixin.py:115} INFO - [2022-07-29 13:52:27,105] {dag.py:2420} INFO - Sync 1 DAGs
[2022-07-29 13:52:27,228] {logging_mixin.py:115} INFO - [2022-07-29 13:52:27,227] {dag.py:2972} INFO - Setting next_dagrun for tutorial to 2022-07-28T13:52:27.227838+00:00, run_after=2022-07-29T13:52:27.227838+00:00
[2022-07-29 13:52:27,248] {processor.py:161} INFO - Processing /opt/airflow/dags/example_dags.py took 0.174 seconds
[2022-07-29 13:54:18,595] {processor.py:153} INFO - Started process (PID=37) to work on /opt/airflow/dags/example_dags.py
[2022-07-29 13:54:18,596] {processor.py:641} INFO - Processing file /opt/airflow/dags/example_dags.py for tasks to queue
[2022-07-29 13:54:18,597] {logging_mixin.py:115} INFO - [2022-07-29 13:54:18,596] {dagbag.py:508} INFO - Filling up the DagBag from /opt/airflow/dags/example_dags.py
[2022-07-29 13:54:18,612] {processor.py:651} INFO - DAG(s) dict_keys(['tutorial']) retrieved from /opt/airflow/dags/example_dags.py
[2022-07-29 13:54:18,877] {logging_mixin.py:115} INFO - [2022-07-29 13:54:18,877] {dag.py:2420} INFO - Sync 1 DAGs
[2022-07-29 13:54:18,908] {logging_mixin.py:115} INFO - [2022-07-29 13:54:18,908] {dag.py:2972} INFO - Setting next_dagrun for tutorial to 2022-07-28T13:54:18.907815+00:00, run_after=2022-07-29T13:54:18.907815+00:00
[2022-07-29 13:54:18,928] {processor.py:161} INFO - Processing /opt/airflow/dags/example_dags.py took 0.337 seconds
[2022-07-29 13:54:49,431] {processor.py:153} INFO - Started process (PID=99) to work on /opt/airflow/dags/example_dags.py
[2022-07-29 13:54:49,431] {processor.py:641} INFO - Processing file /opt/airflow/dags/example_dags.py for tasks to queue
[2022-07-29 13:54:49,431] {logging_mixin.py:115} INFO - [2022-07-29 13:54:49,431] {dagbag.py:508} INFO - Filling up the DagBag from /opt/airflow/dags/example_dags.py
[2022-07-29 13:54:49,435] {processor.py:651} INFO - DAG(s) dict_keys(['tutorial']) retrieved from /opt/airflow/dags/example_dags.py
[2022-07-29 13:54:49,453] {logging_mixin.py:115} INFO - [2022-07-29 13:54:49,453] {dag.py:2420} INFO - Sync 1 DAGs
[2022-07-29 13:54:49,565] {logging_mixin.py:115} INFO - [2022-07-29 13:54:49,564] {dag.py:2972} INFO - Setting next_dagrun for tutorial to 2022-07-28T13:54:49.564825+00:00, run_after=2022-07-29T13:54:49.564825+00:00
[2022-07-29 13:54:49,583] {processor.py:161} INFO - Processing /opt/airflow/dags/example_dags.py took 0.154 seconds
[2022-07-29 13:55:19,813] {processor.py:153} INFO - Started process (PID=161) to work on /opt/airflow/dags/example_dags.py
[2022-07-29 13:55:19,824] {processor.py:641} INFO - Processing file /opt/airflow/dags/example_dags.py for tasks to queue
[2022-07-29 13:55:19,825] {logging_mixin.py:115} INFO - [2022-07-29 13:55:19,825] {dagbag.py:508} INFO - Filling up the DagBag from /opt/airflow/dags/example_dags.py
[2022-07-29 13:55:19,828] {processor.py:651} INFO - DAG(s) dict_keys(['tutorial']) retrieved from /opt/airflow/dags/example_dags.py
[2022-07-29 13:55:19,838] {logging_mixin.py:115} INFO - [2022-07-29 13:55:19,838] {dag.py:2420} INFO - Sync 1 DAGs
[2022-07-29 13:55:19,856] {logging_mixin.py:115} INFO - [2022-07-29 13:55:19,856] {dag.py:2972} INFO - Setting next_dagrun for tutorial to 2022-07-28T13:55:19.856717+00:00, run_after=2022-07-29T13:55:19.856717+00:00
[2022-07-29 13:55:20,007] {processor.py:161} INFO - Processing /opt/airflow/dags/example_dags.py took 0.195 seconds
[2022-07-29 13:55:50,102] {processor.py:153} INFO - Started process (PID=214) to work on /opt/airflow/dags/example_dags.py
[2022-07-29 13:55:50,103] {processor.py:641} INFO - Processing file /opt/airflow/dags/example_dags.py for tasks to queue
[2022-07-29 13:55:50,103] {logging_mixin.py:115} INFO - [2022-07-29 13:55:50,103] {dagbag.py:508} INFO - Filling up the DagBag from /opt/airflow/dags/example_dags.py
[2022-07-29 13:55:50,106] {processor.py:651} INFO - DAG(s) dict_keys(['tutorial']) retrieved from /opt/airflow/dags/example_dags.py
[2022-07-29 13:55:50,241] {logging_mixin.py:115} INFO - [2022-07-29 13:55:50,241] {dag.py:2420} INFO - Sync 1 DAGs
[2022-07-29 13:55:50,254] {logging_mixin.py:115} INFO - [2022-07-29 13:55:50,253] {dag.py:2972} INFO - Setting next_dagrun for tutorial to 2022-07-28T13:55:50.253857+00:00, run_after=2022-07-29T13:55:50.253857+00:00
[2022-07-29 13:55:50,262] {processor.py:161} INFO - Processing /opt/airflow/dags/example_dags.py took 0.161 seconds
[2022-07-29 13:56:20,605] {processor.py:153} INFO - Started process (PID=277) to work on /opt/airflow/dags/example_dags.py
[2022-07-29 13:56:20,606] {processor.py:641} INFO - Processing file /opt/airflow/dags/example_dags.py for tasks to queue
[2022-07-29 13:56:20,606] {logging_mixin.py:115} INFO - [2022-07-29 13:56:20,606] {dagbag.py:508} INFO - Filling up the DagBag from /opt/airflow/dags/example_dags.py
[2022-07-29 13:56:20,610] {processor.py:651} INFO - DAG(s) dict_keys(['tutorial']) retrieved from /opt/airflow/dags/example_dags.py
[2022-07-29 13:56:20,628] {logging_mixin.py:115} INFO - [2022-07-29 13:56:20,627] {dag.py:2420} INFO - Sync 1 DAGs
[2022-07-29 13:56:20,749] {logging_mixin.py:115} INFO - [2022-07-29 13:56:20,749] {dag.py:2972} INFO - Setting next_dagrun for tutorial to 2022-07-28T13:56:20.749199+00:00, run_after=2022-07-29T13:56:20.749199+00:00
[2022-07-29 13:56:20,757] {processor.py:161} INFO - Processing /opt/airflow/dags/example_dags.py took 0.153 seconds
[2022-07-29 13:56:50,823] {processor.py:153} INFO - Started process (PID=338) to work on /opt/airflow/dags/example_dags.py
[2022-07-29 13:56:50,823] {processor.py:641} INFO - Processing file /opt/airflow/dags/example_dags.py for tasks to queue
[2022-07-29 13:56:50,824] {logging_mixin.py:115} INFO - [2022-07-29 13:56:50,824] {dagbag.py:508} INFO - Filling up the DagBag from /opt/airflow/dags/example_dags.py
[2022-07-29 13:56:50,827] {processor.py:651} INFO - DAG(s) dict_keys(['tutorial']) retrieved from /opt/airflow/dags/example_dags.py
[2022-07-29 13:56:50,836] {logging_mixin.py:115} INFO - [2022-07-29 13:56:50,836] {dag.py:2420} INFO - Sync 1 DAGs
[2022-07-29 13:56:50,858] {logging_mixin.py:115} INFO - [2022-07-29 13:56:50,858] {dag.py:2972} INFO - Setting next_dagrun for tutorial to 2022-07-28T13:56:50.858460+00:00, run_after=2022-07-29T13:56:50.858460+00:00
[2022-07-29 13:56:50,975] {processor.py:161} INFO - Processing /opt/airflow/dags/example_dags.py took 0.153 seconds
[2022-07-29 13:57:21,857] {processor.py:153} INFO - Started process (PID=400) to work on /opt/airflow/dags/example_dags.py
[2022-07-29 13:57:21,868] {processor.py:641} INFO - Processing file /opt/airflow/dags/example_dags.py for tasks to queue
[2022-07-29 13:57:21,869] {logging_mixin.py:115} INFO - [2022-07-29 13:57:21,869] {dagbag.py:508} INFO - Filling up the DagBag from /opt/airflow/dags/example_dags.py
[2022-07-29 13:57:21,875] {processor.py:651} INFO - DAG(s) dict_keys(['tutorial']) retrieved from /opt/airflow/dags/example_dags.py
[2022-07-29 13:57:22,005] {logging_mixin.py:115} INFO - [2022-07-29 13:57:22,005] {dag.py:2420} INFO - Sync 1 DAGs
[2022-07-29 13:57:22,018] {logging_mixin.py:115} INFO - [2022-07-29 13:57:22,018] {dag.py:2972} INFO - Setting next_dagrun for tutorial to 2022-07-28T13:57:22.017888+00:00, run_after=2022-07-29T13:57:22.017888+00:00
[2022-07-29 13:57:22,026] {processor.py:161} INFO - Processing /opt/airflow/dags/example_dags.py took 0.171 seconds
[2022-07-29 13:57:52,087] {processor.py:153} INFO - Started process (PID=453) to work on /opt/airflow/dags/example_dags.py
[2022-07-29 13:57:52,087] {processor.py:641} INFO - Processing file /opt/airflow/dags/example_dags.py for tasks to queue
[2022-07-29 13:57:52,088] {logging_mixin.py:115} INFO - [2022-07-29 13:57:52,088] {dagbag.py:508} INFO - Filling up the DagBag from /opt/airflow/dags/example_dags.py
[2022-07-29 13:57:52,094] {processor.py:651} INFO - DAG(s) dict_keys(['tutorial']) retrieved from /opt/airflow/dags/example_dags.py
[2022-07-29 13:57:52,111] {logging_mixin.py:115} INFO - [2022-07-29 13:57:52,111] {dag.py:2420} INFO - Sync 1 DAGs
[2022-07-29 13:57:52,218] {logging_mixin.py:115} INFO - [2022-07-29 13:57:52,218] {dag.py:2972} INFO - Setting next_dagrun for tutorial to 2022-07-28T13:57:52.218019+00:00, run_after=2022-07-29T13:57:52.218019+00:00
[2022-07-29 13:57:52,235] {processor.py:161} INFO - Processing /opt/airflow/dags/example_dags.py took 0.152 seconds
[2022-07-29 13:58:22,392] {processor.py:153} INFO - Started process (PID=515) to work on /opt/airflow/dags/example_dags.py
[2022-07-29 13:58:22,392] {processor.py:641} INFO - Processing file /opt/airflow/dags/example_dags.py for tasks to queue
[2022-07-29 13:58:22,392] {logging_mixin.py:115} INFO - [2022-07-29 13:58:22,392] {dagbag.py:508} INFO - Filling up the DagBag from /opt/airflow/dags/example_dags.py
[2022-07-29 13:58:22,396] {processor.py:651} INFO - DAG(s) dict_keys(['tutorial']) retrieved from /opt/airflow/dags/example_dags.py
[2022-07-29 13:58:22,404] {logging_mixin.py:115} INFO - [2022-07-29 13:58:22,404] {dag.py:2420} INFO - Sync 1 DAGs
[2022-07-29 13:58:22,421] {logging_mixin.py:115} INFO - [2022-07-29 13:58:22,420] {dag.py:2972} INFO - Setting next_dagrun for tutorial to 2022-07-28T13:58:22.420780+00:00, run_after=2022-07-29T13:58:22.420780+00:00
[2022-07-29 13:58:22,515] {processor.py:161} INFO - Processing /opt/airflow/dags/example_dags.py took 0.126 seconds
[2022-07-29 13:58:52,789] {processor.py:153} INFO - Started process (PID=578) to work on /opt/airflow/dags/example_dags.py
[2022-07-29 13:58:52,799] {processor.py:641} INFO - Processing file /opt/airflow/dags/example_dags.py for tasks to queue
[2022-07-29 13:58:52,799] {logging_mixin.py:115} INFO - [2022-07-29 13:58:52,799] {dagbag.py:508} INFO - Filling up the DagBag from /opt/airflow/dags/example_dags.py
[2022-07-29 13:58:52,802] {processor.py:651} INFO - DAG(s) dict_keys(['tutorial']) retrieved from /opt/airflow/dags/example_dags.py
[2022-07-29 13:58:52,940] {logging_mixin.py:115} INFO - [2022-07-29 13:58:52,940] {dag.py:2420} INFO - Sync 1 DAGs
[2022-07-29 13:58:52,953] {logging_mixin.py:115} INFO - [2022-07-29 13:58:52,953] {dag.py:2972} INFO - Setting next_dagrun for tutorial to 2022-07-28T13:58:52.953022+00:00, run_after=2022-07-29T13:58:52.953022+00:00
[2022-07-29 13:58:52,960] {processor.py:161} INFO - Processing /opt/airflow/dags/example_dags.py took 0.174 seconds
[2022-07-29 13:59:23,018] {processor.py:153} INFO - Started process (PID=640) to work on /opt/airflow/dags/example_dags.py
[2022-07-29 13:59:23,029] {processor.py:641} INFO - Processing file /opt/airflow/dags/example_dags.py for tasks to queue
[2022-07-29 13:59:23,029] {logging_mixin.py:115} INFO - [2022-07-29 13:59:23,029] {dagbag.py:508} INFO - Filling up the DagBag from /opt/airflow/dags/example_dags.py
[2022-07-29 13:59:23,033] {processor.py:651} INFO - DAG(s) dict_keys(['tutorial']) retrieved from /opt/airflow/dags/example_dags.py
[2022-07-29 13:59:23,051] {logging_mixin.py:115} INFO - [2022-07-29 13:59:23,051] {dag.py:2420} INFO - Sync 1 DAGs
[2022-07-29 13:59:23,153] {logging_mixin.py:115} INFO - [2022-07-29 13:59:23,152] {dag.py:2972} INFO - Setting next_dagrun for tutorial to 2022-07-28T13:59:23.152822+00:00, run_after=2022-07-29T13:59:23.152822+00:00
[2022-07-29 13:59:23,160] {processor.py:161} INFO - Processing /opt/airflow/dags/example_dags.py took 0.143 seconds
[2022-07-29 14:05:36,688] {processor.py:153} INFO - Started process (PID=47) to work on /opt/airflow/dags/example_dags.py
[2022-07-29 14:05:36,699] {processor.py:641} INFO - Processing file /opt/airflow/dags/example_dags.py for tasks to queue
[2022-07-29 14:05:36,699] {logging_mixin.py:115} INFO - [2022-07-29 14:05:36,699] {dagbag.py:508} INFO - Filling up the DagBag from /opt/airflow/dags/example_dags.py
[2022-07-29 14:05:36,705] {processor.py:651} INFO - DAG(s) dict_keys(['tutorial']) retrieved from /opt/airflow/dags/example_dags.py
[2022-07-29 14:05:36,789] {logging_mixin.py:115} INFO - [2022-07-29 14:05:36,789] {manager.py:508} INFO - Created Permission View: can edit on DAG:tutorial
[2022-07-29 14:05:36,798] {logging_mixin.py:115} INFO - [2022-07-29 14:05:36,798] {manager.py:508} INFO - Created Permission View: can delete on DAG:tutorial
[2022-07-29 14:05:36,803] {logging_mixin.py:115} INFO - [2022-07-29 14:05:36,803] {manager.py:508} INFO - Created Permission View: can read on DAG:tutorial
[2022-07-29 14:05:36,803] {logging_mixin.py:115} INFO - [2022-07-29 14:05:36,803] {dag.py:2420} INFO - Sync 1 DAGs
[2022-07-29 14:05:36,810] {logging_mixin.py:115} INFO - [2022-07-29 14:05:36,810] {dag.py:2439} INFO - Creating ORM DAG for tutorial
[2022-07-29 14:05:36,821] {logging_mixin.py:115} INFO - [2022-07-29 14:05:36,821] {dag.py:2972} INFO - Setting next_dagrun for tutorial to 2022-07-28T14:05:36.820865+00:00, run_after=2022-07-29T14:05:36.820865+00:00
[2022-07-29 14:05:36,832] {processor.py:161} INFO - Processing /opt/airflow/dags/example_dags.py took 0.147 seconds
[2022-07-29 14:06:06,884] {processor.py:153} INFO - Started process (PID=66) to work on /opt/airflow/dags/example_dags.py
[2022-07-29 14:06:06,884] {processor.py:641} INFO - Processing file /opt/airflow/dags/example_dags.py for tasks to queue
[2022-07-29 14:06:06,884] {logging_mixin.py:115} INFO - [2022-07-29 14:06:06,884] {dagbag.py:508} INFO - Filling up the DagBag from /opt/airflow/dags/example_dags.py
[2022-07-29 14:06:06,887] {processor.py:651} INFO - DAG(s) dict_keys(['tutorial']) retrieved from /opt/airflow/dags/example_dags.py
[2022-07-29 14:06:06,903] {logging_mixin.py:115} INFO - [2022-07-29 14:06:06,903] {dag.py:2420} INFO - Sync 1 DAGs
[2022-07-29 14:06:06,916] {logging_mixin.py:115} INFO - [2022-07-29 14:06:06,916] {dag.py:2972} INFO - Setting next_dagrun for tutorial to 2022-07-28T14:06:06.916081+00:00, run_after=2022-07-29T14:06:06.916081+00:00
[2022-07-29 14:06:06,922] {processor.py:161} INFO - Processing /opt/airflow/dags/example_dags.py took 0.041 seconds
[2022-07-29 14:06:36,955] {processor.py:153} INFO - Started process (PID=94) to work on /opt/airflow/dags/example_dags.py
[2022-07-29 14:06:36,966] {processor.py:641} INFO - Processing file /opt/airflow/dags/example_dags.py for tasks to queue
[2022-07-29 14:06:36,967] {logging_mixin.py:115} INFO - [2022-07-29 14:06:36,967] {dagbag.py:508} INFO - Filling up the DagBag from /opt/airflow/dags/example_dags.py
[2022-07-29 14:06:36,974] {processor.py:651} INFO - DAG(s) dict_keys(['tutorial']) retrieved from /opt/airflow/dags/example_dags.py
[2022-07-29 14:06:36,993] {logging_mixin.py:115} INFO - [2022-07-29 14:06:36,993] {dag.py:2420} INFO - Sync 1 DAGs
[2022-07-29 14:06:37,006] {logging_mixin.py:115} INFO - [2022-07-29 14:06:37,006] {dag.py:2972} INFO - Setting next_dagrun for tutorial to 2022-07-28T14:06:37.006110+00:00, run_after=2022-07-29T14:06:37.006110+00:00
[2022-07-29 14:06:37,013] {processor.py:161} INFO - Processing /opt/airflow/dags/example_dags.py took 0.060 seconds
[2022-07-29 14:07:07,030] {processor.py:153} INFO - Started process (PID=123) to work on /opt/airflow/dags/example_dags.py
[2022-07-29 14:07:07,030] {processor.py:641} INFO - Processing file /opt/airflow/dags/example_dags.py for tasks to queue
[2022-07-29 14:07:07,031] {logging_mixin.py:115} INFO - [2022-07-29 14:07:07,030] {dagbag.py:508} INFO - Filling up the DagBag from /opt/airflow/dags/example_dags.py
[2022-07-29 14:07:07,033] {processor.py:651} INFO - DAG(s) dict_keys(['tutorial']) retrieved from /opt/airflow/dags/example_dags.py
[2022-07-29 14:07:07,053] {logging_mixin.py:115} INFO - [2022-07-29 14:07:07,053] {dag.py:2420} INFO - Sync 1 DAGs
[2022-07-29 14:07:07,072] {logging_mixin.py:115} INFO - [2022-07-29 14:07:07,072] {dag.py:2972} INFO - Setting next_dagrun for tutorial to 2022-07-28T14:07:07.072450+00:00, run_after=2022-07-29T14:07:07.072450+00:00
[2022-07-29 14:07:07,080] {processor.py:161} INFO - Processing /opt/airflow/dags/example_dags.py took 0.052 seconds
[2022-07-29 14:07:37,125] {processor.py:153} INFO - Started process (PID=149) to work on /opt/airflow/dags/example_dags.py
[2022-07-29 14:07:37,126] {processor.py:641} INFO - Processing file /opt/airflow/dags/example_dags.py for tasks to queue
[2022-07-29 14:07:37,126] {logging_mixin.py:115} INFO - [2022-07-29 14:07:37,126] {dagbag.py:508} INFO - Filling up the DagBag from /opt/airflow/dags/example_dags.py
[2022-07-29 14:07:37,130] {processor.py:651} INFO - DAG(s) dict_keys(['tutorial']) retrieved from /opt/airflow/dags/example_dags.py
[2022-07-29 14:07:37,152] {logging_mixin.py:115} INFO - [2022-07-29 14:07:37,152] {dag.py:2420} INFO - Sync 1 DAGs
[2022-07-29 14:07:37,174] {logging_mixin.py:115} INFO - [2022-07-29 14:07:37,173] {dag.py:2972} INFO - Setting next_dagrun for tutorial to 2022-07-28T14:07:37.173700+00:00, run_after=2022-07-29T14:07:37.173700+00:00
[2022-07-29 14:07:37,185] {processor.py:161} INFO - Processing /opt/airflow/dags/example_dags.py took 0.062 seconds
[2022-07-29 14:08:07,237] {processor.py:153} INFO - Started process (PID=171) to work on /opt/airflow/dags/example_dags.py
[2022-07-29 14:08:07,238] {processor.py:641} INFO - Processing file /opt/airflow/dags/example_dags.py for tasks to queue
[2022-07-29 14:08:07,238] {logging_mixin.py:115} INFO - [2022-07-29 14:08:07,238] {dagbag.py:508} INFO - Filling up the DagBag from /opt/airflow/dags/example_dags.py
[2022-07-29 14:08:07,241] {processor.py:651} INFO - DAG(s) dict_keys(['tutorial']) retrieved from /opt/airflow/dags/example_dags.py
[2022-07-29 14:08:07,259] {logging_mixin.py:115} INFO - [2022-07-29 14:08:07,259] {dag.py:2420} INFO - Sync 1 DAGs
[2022-07-29 14:08:07,274] {logging_mixin.py:115} INFO - [2022-07-29 14:08:07,274] {dag.py:2972} INFO - Setting next_dagrun for tutorial to 2022-07-28T14:08:07.274367+00:00, run_after=2022-07-29T14:08:07.274367+00:00
[2022-07-29 14:08:07,282] {processor.py:161} INFO - Processing /opt/airflow/dags/example_dags.py took 0.046 seconds
[2022-07-29 14:08:37,304] {processor.py:153} INFO - Started process (PID=199) to work on /opt/airflow/dags/example_dags.py
[2022-07-29 14:08:37,315] {processor.py:641} INFO - Processing file /opt/airflow/dags/example_dags.py for tasks to queue
[2022-07-29 14:08:37,315] {logging_mixin.py:115} INFO - [2022-07-29 14:08:37,315] {dagbag.py:508} INFO - Filling up the DagBag from /opt/airflow/dags/example_dags.py
[2022-07-29 14:08:37,318] {processor.py:651} INFO - DAG(s) dict_keys(['tutorial']) retrieved from /opt/airflow/dags/example_dags.py
[2022-07-29 14:08:37,334] {logging_mixin.py:115} INFO - [2022-07-29 14:08:37,334] {dag.py:2420} INFO - Sync 1 DAGs
[2022-07-29 14:08:37,348] {logging_mixin.py:115} INFO - [2022-07-29 14:08:37,348] {dag.py:2972} INFO - Setting next_dagrun for tutorial to 2022-07-28T14:08:37.348172+00:00, run_after=2022-07-29T14:08:37.348172+00:00
[2022-07-29 14:08:37,356] {processor.py:161} INFO - Processing /opt/airflow/dags/example_dags.py took 0.053 seconds
[2022-07-29 14:09:07,390] {processor.py:153} INFO - Started process (PID=231) to work on /opt/airflow/dags/example_dags.py
[2022-07-29 14:09:07,390] {processor.py:641} INFO - Processing file /opt/airflow/dags/example_dags.py for tasks to queue
[2022-07-29 14:09:07,391] {logging_mixin.py:115} INFO - [2022-07-29 14:09:07,391] {dagbag.py:508} INFO - Filling up the DagBag from /opt/airflow/dags/example_dags.py
[2022-07-29 14:09:07,394] {processor.py:651} INFO - DAG(s) dict_keys(['tutorial']) retrieved from /opt/airflow/dags/example_dags.py
[2022-07-29 14:09:07,409] {logging_mixin.py:115} INFO - [2022-07-29 14:09:07,409] {dag.py:2420} INFO - Sync 1 DAGs
[2022-07-29 14:09:07,426] {logging_mixin.py:115} INFO - [2022-07-29 14:09:07,426] {dag.py:2972} INFO - Setting next_dagrun for tutorial to 2022-07-29T14:08:37.348172+00:00, run_after=2022-07-30T14:08:37.348172+00:00
[2022-07-29 14:09:07,433] {processor.py:161} INFO - Processing /opt/airflow/dags/example_dags.py took 0.044 seconds
[2022-07-29 14:09:37,469] {processor.py:153} INFO - Started process (PID=251) to work on /opt/airflow/dags/example_dags.py
[2022-07-29 14:09:37,470] {processor.py:641} INFO - Processing file /opt/airflow/dags/example_dags.py for tasks to queue
[2022-07-29 14:09:37,470] {logging_mixin.py:115} INFO - [2022-07-29 14:09:37,470] {dagbag.py:508} INFO - Filling up the DagBag from /opt/airflow/dags/example_dags.py
[2022-07-29 14:09:37,474] {processor.py:651} INFO - DAG(s) dict_keys(['tutorial']) retrieved from /opt/airflow/dags/example_dags.py
[2022-07-29 14:09:37,492] {logging_mixin.py:115} INFO - [2022-07-29 14:09:37,491] {dag.py:2420} INFO - Sync 1 DAGs
[2022-07-29 14:09:37,508] {logging_mixin.py:115} INFO - [2022-07-29 14:09:37,508] {dag.py:2972} INFO - Setting next_dagrun for tutorial to 2022-07-29T14:08:37.348172+00:00, run_after=2022-07-30T14:08:37.348172+00:00
[2022-07-29 14:09:37,515] {processor.py:161} INFO - Processing /opt/airflow/dags/example_dags.py took 0.048 seconds
[2022-07-29 14:10:07,541] {processor.py:153} INFO - Started process (PID=278) to work on /opt/airflow/dags/example_dags.py
[2022-07-29 14:10:07,552] {processor.py:641} INFO - Processing file /opt/airflow/dags/example_dags.py for tasks to queue
[2022-07-29 14:10:07,553] {logging_mixin.py:115} INFO - [2022-07-29 14:10:07,553] {dagbag.py:508} INFO - Filling up the DagBag from /opt/airflow/dags/example_dags.py
[2022-07-29 14:10:07,558] {processor.py:651} INFO - DAG(s) dict_keys(['tutorial']) retrieved from /opt/airflow/dags/example_dags.py
[2022-07-29 14:10:07,577] {logging_mixin.py:115} INFO - [2022-07-29 14:10:07,577] {dag.py:2420} INFO - Sync 1 DAGs
[2022-07-29 14:10:07,589] {logging_mixin.py:115} INFO - [2022-07-29 14:10:07,589] {dag.py:2972} INFO - Setting next_dagrun for tutorial to 2022-07-29T14:08:37.348172+00:00, run_after=2022-07-30T14:08:37.348172+00:00
[2022-07-29 14:10:07,596] {processor.py:161} INFO - Processing /opt/airflow/dags/example_dags.py took 0.058 seconds
[2022-07-29 14:10:37,638] {processor.py:153} INFO - Started process (PID=307) to work on /opt/airflow/dags/example_dags.py
[2022-07-29 14:10:37,638] {processor.py:641} INFO - Processing file /opt/airflow/dags/example_dags.py for tasks to queue
[2022-07-29 14:10:37,639] {logging_mixin.py:115} INFO - [2022-07-29 14:10:37,639] {dagbag.py:508} INFO - Filling up the DagBag from /opt/airflow/dags/example_dags.py
[2022-07-29 14:10:37,642] {processor.py:651} INFO - DAG(s) dict_keys(['tutorial']) retrieved from /opt/airflow/dags/example_dags.py
[2022-07-29 14:10:37,666] {logging_mixin.py:115} INFO - [2022-07-29 14:10:37,666] {dag.py:2420} INFO - Sync 1 DAGs
[2022-07-29 14:10:37,683] {logging_mixin.py:115} INFO - [2022-07-29 14:10:37,683] {dag.py:2972} INFO - Setting next_dagrun for tutorial to 2022-07-29T14:08:37.348172+00:00, run_after=2022-07-30T14:08:37.348172+00:00
[2022-07-29 14:10:37,690] {processor.py:161} INFO - Processing /opt/airflow/dags/example_dags.py took 0.054 seconds
[2022-07-29 14:11:07,743] {processor.py:153} INFO - Started process (PID=335) to work on /opt/airflow/dags/example_dags.py
[2022-07-29 14:11:07,744] {processor.py:641} INFO - Processing file /opt/airflow/dags/example_dags.py for tasks to queue
[2022-07-29 14:11:07,744] {logging_mixin.py:115} INFO - [2022-07-29 14:11:07,744] {dagbag.py:508} INFO - Filling up the DagBag from /opt/airflow/dags/example_dags.py
[2022-07-29 14:11:07,748] {processor.py:651} INFO - DAG(s) dict_keys(['tutorial']) retrieved from /opt/airflow/dags/example_dags.py
[2022-07-29 14:11:07,763] {logging_mixin.py:115} INFO - [2022-07-29 14:11:07,763] {dag.py:2420} INFO - Sync 1 DAGs
[2022-07-29 14:11:07,778] {logging_mixin.py:115} INFO - [2022-07-29 14:11:07,778] {dag.py:2972} INFO - Setting next_dagrun for tutorial to 2022-07-29T14:08:37.348172+00:00, run_after=2022-07-30T14:08:37.348172+00:00
[2022-07-29 14:11:07,785] {processor.py:161} INFO - Processing /opt/airflow/dags/example_dags.py took 0.044 seconds
[2022-07-29 14:11:37,879] {processor.py:153} INFO - Started process (PID=353) to work on /opt/airflow/dags/example_dags.py
[2022-07-29 14:11:37,879] {processor.py:641} INFO - Processing file /opt/airflow/dags/example_dags.py for tasks to queue
[2022-07-29 14:11:37,879] {logging_mixin.py:115} INFO - [2022-07-29 14:11:37,879] {dagbag.py:508} INFO - Filling up the DagBag from /opt/airflow/dags/example_dags.py
[2022-07-29 14:11:37,883] {processor.py:651} INFO - DAG(s) dict_keys(['tutorial']) retrieved from /opt/airflow/dags/example_dags.py
[2022-07-29 14:11:37,904] {logging_mixin.py:115} INFO - [2022-07-29 14:11:37,904] {dag.py:2420} INFO - Sync 1 DAGs
[2022-07-29 14:11:37,916] {logging_mixin.py:115} INFO - [2022-07-29 14:11:37,916] {dag.py:2972} INFO - Setting next_dagrun for tutorial to 2022-07-29T14:08:37.348172+00:00, run_after=2022-07-30T14:08:37.348172+00:00
[2022-07-29 14:11:37,923] {processor.py:161} INFO - Processing /opt/airflow/dags/example_dags.py took 0.046 seconds
[2022-07-29 14:12:07,942] {processor.py:153} INFO - Started process (PID=381) to work on /opt/airflow/dags/example_dags.py
[2022-07-29 14:12:07,943] {processor.py:641} INFO - Processing file /opt/airflow/dags/example_dags.py for tasks to queue
[2022-07-29 14:12:07,943] {logging_mixin.py:115} INFO - [2022-07-29 14:12:07,943] {dagbag.py:508} INFO - Filling up the DagBag from /opt/airflow/dags/example_dags.py
[2022-07-29 14:12:07,947] {processor.py:651} INFO - DAG(s) dict_keys(['tutorial']) retrieved from /opt/airflow/dags/example_dags.py
[2022-07-29 14:12:07,969] {logging_mixin.py:115} INFO - [2022-07-29 14:12:07,969] {dag.py:2420} INFO - Sync 1 DAGs
[2022-07-29 14:12:07,992] {logging_mixin.py:115} INFO - [2022-07-29 14:12:07,991] {dag.py:2972} INFO - Setting next_dagrun for tutorial to 2022-07-29T14:08:37.348172+00:00, run_after=2022-07-30T14:08:37.348172+00:00
[2022-07-29 14:12:08,003] {processor.py:161} INFO - Processing /opt/airflow/dags/example_dags.py took 0.062 seconds
[2022-07-29 14:12:38,037] {processor.py:153} INFO - Started process (PID=409) to work on /opt/airflow/dags/example_dags.py
[2022-07-29 14:12:38,047] {processor.py:641} INFO - Processing file /opt/airflow/dags/example_dags.py for tasks to queue
[2022-07-29 14:12:38,048] {logging_mixin.py:115} INFO - [2022-07-29 14:12:38,048] {dagbag.py:508} INFO - Filling up the DagBag from /opt/airflow/dags/example_dags.py
[2022-07-29 14:12:38,052] {processor.py:651} INFO - DAG(s) dict_keys(['tutorial']) retrieved from /opt/airflow/dags/example_dags.py
[2022-07-29 14:12:38,068] {logging_mixin.py:115} INFO - [2022-07-29 14:12:38,067] {dag.py:2420} INFO - Sync 1 DAGs
[2022-07-29 14:12:38,080] {logging_mixin.py:115} INFO - [2022-07-29 14:12:38,080] {dag.py:2972} INFO - Setting next_dagrun for tutorial to 2022-07-29T14:08:37.348172+00:00, run_after=2022-07-30T14:08:37.348172+00:00
[2022-07-29 14:12:38,087] {processor.py:161} INFO - Processing /opt/airflow/dags/example_dags.py took 0.053 seconds
[2022-07-29 14:13:08,114] {processor.py:153} INFO - Started process (PID=437) to work on /opt/airflow/dags/example_dags.py
[2022-07-29 14:13:08,115] {processor.py:641} INFO - Processing file /opt/airflow/dags/example_dags.py for tasks to queue
[2022-07-29 14:13:08,115] {logging_mixin.py:115} INFO - [2022-07-29 14:13:08,115] {dagbag.py:508} INFO - Filling up the DagBag from /opt/airflow/dags/example_dags.py
[2022-07-29 14:13:08,118] {processor.py:651} INFO - DAG(s) dict_keys(['tutorial']) retrieved from /opt/airflow/dags/example_dags.py
[2022-07-29 14:13:08,135] {logging_mixin.py:115} INFO - [2022-07-29 14:13:08,135] {dag.py:2420} INFO - Sync 1 DAGs
[2022-07-29 14:13:08,150] {logging_mixin.py:115} INFO - [2022-07-29 14:13:08,150] {dag.py:2972} INFO - Setting next_dagrun for tutorial to 2022-07-29T14:08:37.348172+00:00, run_after=2022-07-30T14:08:37.348172+00:00
[2022-07-29 14:13:08,157] {processor.py:161} INFO - Processing /opt/airflow/dags/example_dags.py took 0.045 seconds
[2022-07-29 14:13:38,208] {processor.py:153} INFO - Started process (PID=456) to work on /opt/airflow/dags/example_dags.py
[2022-07-29 14:13:38,209] {processor.py:641} INFO - Processing file /opt/airflow/dags/example_dags.py for tasks to queue
[2022-07-29 14:13:38,209] {logging_mixin.py:115} INFO - [2022-07-29 14:13:38,209] {dagbag.py:508} INFO - Filling up the DagBag from /opt/airflow/dags/example_dags.py
[2022-07-29 14:13:38,217] {processor.py:651} INFO - DAG(s) dict_keys(['tutorial']) retrieved from /opt/airflow/dags/example_dags.py
[2022-07-29 14:13:38,235] {logging_mixin.py:115} INFO - [2022-07-29 14:13:38,234] {dag.py:2420} INFO - Sync 1 DAGs
[2022-07-29 14:13:38,247] {logging_mixin.py:115} INFO - [2022-07-29 14:13:38,246] {dag.py:2972} INFO - Setting next_dagrun for tutorial to 2022-07-29T14:08:37.348172+00:00, run_after=2022-07-30T14:08:37.348172+00:00
[2022-07-29 14:13:38,253] {processor.py:161} INFO - Processing /opt/airflow/dags/example_dags.py took 0.048 seconds
[2022-07-29 14:14:08,312] {processor.py:153} INFO - Started process (PID=483) to work on /opt/airflow/dags/example_dags.py
[2022-07-29 14:14:08,323] {processor.py:641} INFO - Processing file /opt/airflow/dags/example_dags.py for tasks to queue
[2022-07-29 14:14:08,323] {logging_mixin.py:115} INFO - [2022-07-29 14:14:08,323] {dagbag.py:508} INFO - Filling up the DagBag from /opt/airflow/dags/example_dags.py
[2022-07-29 14:14:08,327] {processor.py:651} INFO - DAG(s) dict_keys(['tutorial']) retrieved from /opt/airflow/dags/example_dags.py
[2022-07-29 14:14:08,342] {logging_mixin.py:115} INFO - [2022-07-29 14:14:08,342] {dag.py:2420} INFO - Sync 1 DAGs
[2022-07-29 14:14:08,357] {logging_mixin.py:115} INFO - [2022-07-29 14:14:08,357] {dag.py:2972} INFO - Setting next_dagrun for tutorial to 2022-07-29T14:08:37.348172+00:00, run_after=2022-07-30T14:08:37.348172+00:00
[2022-07-29 14:14:08,370] {processor.py:161} INFO - Processing /opt/airflow/dags/example_dags.py took 0.062 seconds
