[2022-07-29 14:08:44,747] {taskinstance.py:1179} INFO - Dependencies all met for <TaskInstance: tutorial.print_date scheduled__2022-07-28T14:08:37.348172+00:00 [queued]>
[2022-07-29 14:08:44,755] {taskinstance.py:1179} INFO - Dependencies all met for <TaskInstance: tutorial.print_date scheduled__2022-07-28T14:08:37.348172+00:00 [queued]>
[2022-07-29 14:08:44,755] {taskinstance.py:1376} INFO - 
--------------------------------------------------------------------------------
[2022-07-29 14:08:44,755] {taskinstance.py:1377} INFO - Starting attempt 1 of 2
[2022-07-29 14:08:44,755] {taskinstance.py:1378} INFO - 
--------------------------------------------------------------------------------
[2022-07-29 14:08:44,764] {taskinstance.py:1397} INFO - Executing <Task(BashOperator): print_date> on 2022-07-28 14:08:37.348172+00:00
[2022-07-29 14:08:44,768] {standard_task_runner.py:52} INFO - Started process 209 to run task
[2022-07-29 14:08:44,770] {standard_task_runner.py:79} INFO - Running: ['***', 'tasks', 'run', 'tutorial', 'print_date', 'scheduled__2022-07-28T14:08:37.348172+00:00', '--job-id', '3', '--raw', '--subdir', 'DAGS_FOLDER/example_dags.py', '--cfg-path', '/tmp/tmp0cjunp42', '--error-file', '/tmp/tmpvjtf1im9']
[2022-07-29 14:08:44,770] {standard_task_runner.py:80} INFO - Job 3: Subtask print_date
[2022-07-29 14:08:44,808] {task_command.py:371} INFO - Running <TaskInstance: tutorial.print_date scheduled__2022-07-28T14:08:37.348172+00:00 [running]> on host c7a50e68a68b
[2022-07-29 14:08:44,854] {taskinstance.py:1591} INFO - Exporting the following env vars:
AIRFLOW_CTX_DAG_EMAIL=***@example.com
AIRFLOW_CTX_DAG_OWNER=***
AIRFLOW_CTX_DAG_ID=tutorial
AIRFLOW_CTX_TASK_ID=print_date
AIRFLOW_CTX_EXECUTION_DATE=2022-07-28T14:08:37.348172+00:00
AIRFLOW_CTX_TRY_NUMBER=1
AIRFLOW_CTX_DAG_RUN_ID=scheduled__2022-07-28T14:08:37.348172+00:00
[2022-07-29 14:08:44,855] {subprocess.py:62} INFO - Tmp dir root location: 
 /tmp
[2022-07-29 14:08:44,855] {subprocess.py:74} INFO - Running command: ['bash', '-c', 'date']
[2022-07-29 14:08:44,864] {subprocess.py:85} INFO - Output:
[2022-07-29 14:08:44,871] {subprocess.py:92} INFO - Fri Jul 29 14:08:44 UTC 2022
[2022-07-29 14:08:44,871] {subprocess.py:96} INFO - Command exited with return code 0
[2022-07-29 14:08:44,891] {taskinstance.py:1420} INFO - Marking task as SUCCESS. dag_id=tutorial, task_id=print_date, execution_date=20220728T140837, start_date=20220729T140844, end_date=20220729T140844
[2022-07-29 14:08:44,942] {local_task_job.py:156} INFO - Task exited with return code 0
[2022-07-29 14:08:44,968] {local_task_job.py:273} INFO - 2 downstream tasks scheduled from follow-on schedule check
